2026-04-22T08:14:54.112+05:30  INFO 3816 --- [cluster-ClusterId{value='69e7ab758502ab080f446321', description='null'}-ac-pxqcxc9-shard-00-02.n8n2pp5.mongodb.net:27017] org.mongodb.driver.cluster               : Exception in monitor thread while connecting to server ac-pxqcxc9-shard-00-02.n8n2pp5.mongodb.net:27017

com.mongodb.MongoSocketReadException: Exception receiving message
	at com.mongodb.internal.connection.InternalStreamConnection.translateReadException(InternalStreamConnection.java:724) ~[mongodb-driver-core-4.9.1.jar:na]
	at com.mongodb.internal.connection.InternalStreamConnection.receiveMessageWithAdditionalTimeout(InternalStreamConnection.java:599) ~[mongodb-driver-core-4.9.1.jar:na]
	at com.mongodb.internal.connection.InternalStreamConnection.receiveCommandMessageResponse(InternalStreamConnection.java:440) ~[mongodb-driver-core-4.9.1.jar:na]
	at com.mongodb.internal.connection.InternalStreamConnection.receive(InternalStreamConnection.java:397) ~[mongodb-driver-core-4.9.1.jar:na]
	at com.mongodb.internal.connection.DefaultServerMonitor$ServerMonitorRunnable.lookupServerDescription(DefaultServerMonitor.java:227) ~[mongodb-driver-core-4.9.1.jar:na]
	at com.mongodb.internal.connection.DefaultServerMonitor$ServerMonitorRunnable.run(DefaultServerMonitor.java:159) ~[mongodb-driver-core-4.9.1.jar:na]
	at java.base/java.lang.Thread.run(Thread.java:1474) ~[na:na]
Caused by: java.net.SocketException: Socket is closed
	at java.base/java.net.Socket.setSoTimeout(Socket.java:1275) ~[na:na]
	at java.base/sun.security.ssl.BaseSSLSocketImpl.setSoTimeout(BaseSSLSocketImpl.java:614) ~[na:na]
	at java.base/sun.security.ssl.SSLSocketImpl.setSoTimeout(SSLSocketImpl.java:74) ~[na:na]
	at com.mongodb.internal.connection.SocketStream.read(SocketStream.java:140) ~[mongodb-driver-core-4.9.1.jar:na]
	at com.mongodb.internal.connection.InternalStreamConnection.receiveResponseBuffers(InternalStreamConnection.java:735) ~[mongodb-driver-core-4.9.1.jar:na]
	at com.mongodb.internal.connection.InternalStreamConnection.receiveMessageWithAdditionalTimeout(InternalStreamConnection.java:596) ~[mongodb-driver-core-4.9.1.jar:na]
	... 5 common frames omitted

2026-04-22T08:14:54.112+05:30  INFO 3816 --- [cluster-ClusterId{value='69e7ab758502ab080f446321', description='null'}-ac-pxqcxc9-shard-00-00.n8n2pp5.mongodb.net:27017] org.mongodb.driver.cluster               : Exception in monitor thread while connecting to server ac-pxqcxc9-shard-00-00.n8n2pp5.mongodb.net:27017

com.mongodb.MongoSocketReadException: Exception receiving message
	at com.mongodb.internal.connection.InternalStreamConnection.translateReadException(InternalStreamConnection.java:724) ~[mongodb-driver-core-4.9.1.jar:na]
	at com.mongodb.internal.connection.InternalStreamConnection.receiveMessageWithAdditionalTimeout(InternalStreamConnection.java:599) ~[mongodb-driver-core-4.9.1.jar:na]
	at com.mongodb.internal.connection.InternalStreamConnection.receiveCommandMessageResponse(InternalStreamConnection.java:440) ~[mongodb-driver-core-4.9.1.jar:na]
	at com.mongodb.internal.connection.InternalStreamConnection.receive(InternalStreamConnection.java:397) ~[mongodb-driver-core-4.9.1.jar:na]
	at com.mongodb.internal.connection.DefaultServerMonitor$ServerMonitorRunnable.lookupServerDescription(DefaultServerMonitor.java:227) ~[mongodb-driver-core-4.9.1.jar:na]
	at com.mongodb.internal.connection.DefaultServerMonitor$ServerMonitorRunnable.run(DefaultServerMonitor.java:159) ~[mongodb-driver-core-4.9.1.jar:na]
	at java.base/java.lang.Thread.run(Thread.java:1474) ~[na:na]
Caused by: java.net.SocketException: Socket is closed
	at java.base/java.net.Socket.setSoTimeout(Socket.java:1275) ~[na:na]
	at java.base/sun.security.ssl.BaseSSLSocketImpl.setSoTimeout(BaseSSLSocketImpl.java:614) ~[na:na]
	at java.base/sun.security.ssl.SSLSocketImpl.setSoTimeout(SSLSocketImpl.java:74) ~[na:na]
	at com.mongodb.internal.connection.SocketStream.read(SocketStream.java:140) ~[mongodb-driver-core-4.9.1.jar:na]
	at com.mongodb.internal.connection.InternalStreamConnection.receiveResponseBuffers(InternalStreamConnection.java:735) ~[mongodb-driver-core-4.9.1.jar:na]
	at com.mongodb.internal.connection.InternalStreamConnection.receiveMessageWithAdditionalTimeout(InternalStreamConnection.java:596) ~[mongodb-driver-core-4.9.1.jar:na]
	... 5 common frames omitted

2026-04-22T08:14:54.010+05:30  INFO 3816 --- [cluster-ClusterId{value='69e7ab758502ab080f446321', description='null'}-ac-pxqcxc9-shard-00-01.n8n2pp5.mongodb.net:27017] org.mongodb.driver.cluster               : Exception in monitor thread while connecting to server ac-pxqcxc9-shard-00-01.n8n2pp5.mongodb.net:27017

com.mongodb.MongoSocketReadException: Exception receiving message
	at com.mongodb.internal.connection.InternalStreamConnection.translateReadException(InternalStreamConnection.java:724) ~[mongodb-driver-core-4.9.1.jar:na]
	at com.mongodb.internal.connection.InternalStreamConnection.receiveMessageWithAdditionalTimeout(InternalStreamConnection.java:599) ~[mongodb-driver-core-4.9.1.jar:na]
	at com.mongodb.internal.connection.InternalStreamConnection.receiveCommandMessageResponse(InternalStreamConnection.java:440) ~[mongodb-driver-core-4.9.1.jar:na]
	at com.mongodb.internal.connection.InternalStreamConnection.receive(InternalStreamConnection.java:397) ~[mongodb-driver-core-4.9.1.jar:na]
	at com.mongodb.internal.connection.DefaultServerMonitor$ServerMonitorRunnable.lookupServerDescription(DefaultServerMonitor.java:227) ~[mongodb-driver-core-4.9.1.jar:na]
	at com.mongodb.internal.connection.DefaultServerMonitor$ServerMonitorRunnable.run(DefaultServerMonitor.java:159) ~[mongodb-driver-core-4.9.1.jar:na]
	at java.base/java.lang.Thread.run(Thread.java:1474) ~[na:na]
Caused by: java.net.SocketException: Socket is closed
	at java.base/java.net.Socket.setSoTimeout(Socket.java:1275) ~[na:na]
	at java.base/sun.security.ssl.BaseSSLSocketImpl.setSoTimeout(BaseSSLSocketImpl.java:614) ~[na:na]
	at java.base/sun.security.ssl.SSLSocketImpl.setSoTimeout(SSLSocketImpl.java:74) ~[na:na]
	at com.mongodb.internal.connection.SocketStream.read(SocketStream.java:140) ~[mongodb-driver-core-4.9.1.jar:na]
	at com.mongodb.internal.connection.InternalStreamConnection.receiveResponseBuffers(InternalStreamConnection.java:735) ~[mongodb-driver-core-4.9.1.jar:na]
	at com.mongodb.internal.connection.InternalStreamConnection.receiveMessageWithAdditionalTimeout(InternalStreamConnection.java:596) ~[mongodb-driver-core-4.9.1.jar:na]
	... 5 common frames omitted

2026-04-22T08:15:08.699+05:30  INFO 3816 --- [cluster-ClusterId{value='69e7ab758502ab080f446321', description='null'}-ac-pxqcxc9-shard-00-02.n8n2pp5.mongodb.net:27017] org.mongodb.driver.cluster               : Monitor thread successfully connected to server with description ServerDescription{address=ac-pxqcxc9-shard-00-02.n8n2pp5.mongodb.net:27017, type=REPLICA_SET_SECONDARY, state=CONNECTED, ok=true, minWireVersion=0, maxWireVersion=25, maxDocumentSize=16777216, logicalSessionTimeoutMinutes=30, roundTripTimeNanos=2435770700, setName='atlas-je9ujt-shard-0', canonicalAddress=ac-pxqcxc9-shard-00-02.n8n2pp5.mongodb.net:27017, hosts=[ac-pxqcxc9-shard-00-00.n8n2pp5.mongodb.net:27017, ac-pxqcxc9-shard-00-01.n8n2pp5.mongodb.net:27017, ac-pxqcxc9-shard-00-02.n8n2pp5.mongodb.net:27017], passives=[], arbiters=[], primary='ac-pxqcxc9-shard-00-01.n8n2pp5.mongodb.net:27017', tagSet=TagSet{[Tag{name='availabilityZone', value='aps1-az2'}, Tag{name='cacheState', value='READY'}, Tag{name='diskState', value='READY'}, Tag{name='nodeType', value='ELECTABLE'}, Tag{name='provider', value='AWS'}, Tag{name='region', value='AP_SOUTH_1'}, Tag{name='workloadType', value='OPERATIONAL'}]}, electionId=null, setVersion=26, topologyVersion=TopologyVersion{processId=69e23dc02f19edf6525f268a, counter=3}, lastWriteDate=Wed Apr 22 08:15:06 IST 2026, lastUpdateTimeNanos=35801666269200}
2026-04-22T08:15:08.697+05:30  INFO 3816 --- [cluster-ClusterId{value='69e7ab758502ab080f446321', description='null'}-ac-pxqcxc9-shard-00-01.n8n2pp5.mongodb.net:27017] org.mongodb.driver.cluster               : Monitor thread successfully connected to server with description ServerDescription{address=ac-pxqcxc9-shard-00-01.n8n2pp5.mongodb.net:27017, type=REPLICA_SET_PRIMARY, state=CONNECTED, ok=true, minWireVersion=0, maxWireVersion=25, maxDocumentSize=16777216, logicalSessionTimeoutMinutes=30, roundTripTimeNanos=1958395200, setName='atlas-je9ujt-shard-0', canonicalAddress=ac-pxqcxc9-shard-00-01.n8n2pp5.mongodb.net:27017, hosts=[ac-pxqcxc9-shard-00-00.n8n2pp5.mongodb.net:27017, ac-pxqcxc9-shard-00-01.n8n2pp5.mongodb.net:27017, ac-pxqcxc9-shard-00-02.n8n2pp5.mongodb.net:27017], passives=[], arbiters=[], primary='ac-pxqcxc9-shard-00-01.n8n2pp5.mongodb.net:27017', tagSet=TagSet{[Tag{name='availabilityZone', value='aps1-az3'}, Tag{name='cacheState', value='READY'}, Tag{name='diskState', value='READY'}, Tag{name='nodeType', value='ELECTABLE'}, Tag{name='provider', value='AWS'}, Tag{name='region', value='AP_SOUTH_1'}, Tag{name='workloadType', value='OPERATIONAL'}]}, electionId=7fffffff0000000000000100, setVersion=26, topologyVersion=TopologyVersion{processId=69e23d73852a0edadee44430, counter=6}, lastWriteDate=Wed Apr 22 08:15:06 IST 2026, lastUpdateTimeNanos=35801705415500}
2026-04-22T08:15:08.753+05:30  INFO 3816 --- [cluster-ClusterId{value='69e7ab758502ab080f446321', description='null'}-ac-pxqcxc9-shard-00-01.n8n2pp5.mongodb.net:27017] org.mongodb.driver.cluster               : Discovered replica set primary ac-pxqcxc9-shard-00-01.n8n2pp5.mongodb.net:27017 with max election id 7fffffff0000000000000100 and max set version 26
2026-04-22T08:15:08.759+05:30  INFO 3816 --- [cluster-ClusterId{value='69e7ab758502ab080f446321', description='null'}-ac-pxqcxc9-shard-00-00.n8n2pp5.mongodb.net:27017] org.mongodb.driver.cluster               : Monitor thread successfully connected to server with description ServerDescription{address=ac-pxqcxc9-shard-00-00.n8n2pp5.mongodb.net:27017, type=REPLICA_SET_SECONDARY, state=CONNECTED, ok=true, minWireVersion=0, maxWireVersion=25, maxDocumentSize=16777216, logicalSessionTimeoutMinutes=30, roundTripTimeNanos=2273511400, setName='atlas-je9ujt-shard-0', canonicalAddress=ac-pxqcxc9-shard-00-00.n8n2pp5.mongodb.net:27017, hosts=[ac-pxqcxc9-shard-00-00.n8n2pp5.mongodb.net:27017, ac-pxqcxc9-shard-00-01.n8n2pp5.mongodb.net:27017, ac-pxqcxc9-shard-00-02.n8n2pp5.mongodb.net:27017], passives=[], arbiters=[], primary='ac-pxqcxc9-shard-00-01.n8n2pp5.mongodb.net:27017', tagSet=TagSet{[Tag{name='availabilityZone', value='aps1-az1'}, Tag{name='cacheState', value='READY'}, Tag{name='diskState', value='READY'}, Tag{name='nodeType', value='ELECTABLE'}, Tag{name='provider', value='AWS'}, Tag{name='region', value='AP_SOUTH_1'}, Tag{name='workloadType', value='OPERATIONAL'}]}, electionId=null, setVersion=26, topologyVersion=TopologyVersion{processId=69e23d27c1e14131d2d2cb04, counter=4}, lastWriteDate=Wed Apr 22 08:15:05 IST 2026, lastUpdateTimeNanos=35801620714100}
